<?xml version="1.0" encoding="utf-8"?><testsuites name="pytest tests"><testsuite name="pytest" errors="0" failures="0" skipped="0" tests="45" time="6.958" timestamp="2026-02-01T11:56:11.119241+00:00" hostname="agent-env-71e4a9c9-f399-4ce8-a87a-ec1a5686a3e0"><testcase classname="backend.tests.test_api.TestHealthCheck" name="test_api_health" time="0.055" /><testcase classname="backend.tests.test_api.TestAuthentication" name="test_register_new_user" time="0.261" /><testcase classname="backend.tests.test_api.TestAuthentication" name="test_login_existing_user" time="0.259" /><testcase classname="backend.tests.test_api.TestAuthentication" name="test_login_invalid_credentials" time="0.039" /><testcase classname="backend.tests.test_api.TestAuthentication" name="test_get_current_user" time="0.036" /><testcase classname="backend.tests.test_api.TestCustomers" name="test_create_customer" time="0.038" /><testcase classname="backend.tests.test_api.TestCustomers" name="test_get_customers_list" time="0.034" /><testcase classname="backend.tests.test_api.TestCustomers" name="test_get_customer_by_id" time="0.033" /><testcase classname="backend.tests.test_api.TestCustomers" name="test_update_customer" time="0.034" /><testcase classname="backend.tests.test_api.TestCustomers" name="test_search_customers" time="0.037" /><testcase classname="backend.tests.test_api.TestProducts" name="test_create_product" time="0.043" /><testcase classname="backend.tests.test_api.TestProducts" name="test_get_products_list" time="0.038" /><testcase classname="backend.tests.test_api.TestProducts" name="test_get_product_by_id" time="0.036" /><testcase classname="backend.tests.test_api.TestProducts" name="test_update_product" time="0.036" /><testcase classname="backend.tests.test_api.TestConversations" name="test_get_conversations" time="0.040" /><testcase classname="backend.tests.test_api.TestConversations" name="test_get_conversation_messages" time="0.035" /><testcase classname="backend.tests.test_api.TestOrders" name="test_get_orders" time="0.036" /><testcase classname="backend.tests.test_api.TestOrders" name="test_get_tickets" time="0.034" /><testcase classname="backend.tests.test_api.TestWhatsApp" name="test_whatsapp_status" time="0.035" /><testcase classname="backend.tests.test_api.TestWhatsApp" name="test_simulate_whatsapp_message" time="1.154" /><testcase classname="backend.tests.test_api.TestDashboard" name="test_dashboard_stats" time="0.039" /><testcase classname="backend.tests.test_api.TestSettings" name="test_get_settings" time="0.035" /><testcase classname="backend.tests.test_api.TestSettings" name="test_update_settings" time="0.035" /><testcase classname="backend.tests.test_api.TestKnowledgeBase" name="test_get_kb_articles" time="0.034" /><testcase classname="backend.tests.test_api.TestEscalations" name="test_get_escalations" time="0.036" /><testcase classname="backend.tests.test_api.TestCleanup" name="test_delete_test_product" time="0.037" /><testcase classname="backend.tests.test_api.TestCleanup" name="test_delete_test_customer" time="0.033" /><testcase classname="backend.tests.test_new_features.TestSetup" name="test_register_and_login" time="0.258" /><testcase classname="backend.tests.test_new_features.TestLeadInjection" name="test_get_leads_empty_or_list" time="0.038" /><testcase classname="backend.tests.test_new_features.TestLeadInjection" name="test_inject_lead_creates_customer_conversation_topic" time="0.040" /><testcase classname="backend.tests.test_new_features.TestLeadInjection" name="test_verify_customer_created" time="0.038" /><testcase classname="backend.tests.test_new_features.TestLeadInjection" name="test_get_leads_with_filter" time="0.045" /><testcase classname="backend.tests.test_new_features.TestLeadInjection" name="test_update_lead_status" time="0.072" /><testcase classname="backend.tests.test_new_features.TestLeadInjection" name="test_update_lead_status_invalid" time="0.034" /><testcase classname="backend.tests.test_new_features.TestExcludedNumbers" name="test_get_excluded_numbers_empty_or_list" time="0.036" /><testcase classname="backend.tests.test_new_features.TestExcludedNumbers" name="test_add_excluded_number" time="0.082" /><testcase classname="backend.tests.test_new_features.TestExcludedNumbers" name="test_add_duplicate_excluded_number" time="0.071" /><testcase classname="backend.tests.test_new_features.TestExcludedNumbers" name="test_get_excluded_numbers_with_tag_filter" time="0.037" /><testcase classname="backend.tests.test_new_features.TestExcludedNumbers" name="test_check_excluded_number" time="0.154" /><testcase classname="backend.tests.test_new_features.TestExcludedNumbers" name="test_check_non_excluded_number" time="0.037" /><testcase classname="backend.tests.test_new_features.TestExcludedNumbers" name="test_delete_excluded_number" time="0.067" /><testcase classname="backend.tests.test_new_features.TestExcludedNumbers" name="test_delete_nonexistent_excluded_number" time="3.112" /><testcase classname="backend.tests.test_new_features.TestSettingsOwnerPhone" name="test_settings_has_owner_phone_field" time="0.058" /><testcase classname="backend.tests.test_new_features.TestSettingsOwnerPhone" name="test_update_owner_phone" time="0.117" /><testcase classname="backend.tests.test_new_features.TestCleanup" name="test_cleanup_test_customer" time="0.036" /></testsuite></testsuites>