<?xml version="1.0" encoding="utf-8"?><testsuites name="pytest tests"><testsuite name="pytest" errors="0" failures="0" skipped="0" tests="13" time="3.380" timestamp="2026-02-02T04:37:13.708277+00:00" hostname="agent-env-740f6a00-8ec0-4ad7-9f27-567f3157a494"><testcase classname="backend.tests.test_sla_features.TestSLAFeatures" name="test_login_with_test_credentials" time="0.571" /><testcase classname="backend.tests.test_sla_features.TestSLAFeatures" name="test_conversations_endpoint_returns_sla_fields" time="0.280" /><testcase classname="backend.tests.test_sla_features.TestSLAFeatures" name="test_conversations_have_sla_fields_in_model" time="0.283" /><testcase classname="backend.tests.test_sla_features.TestSLAFeatures" name="test_pending_sla_endpoint" time="0.273" /><testcase classname="backend.tests.test_sla_features.TestSLAFeatures" name="test_check_sla_endpoint" time="0.317" /><testcase classname="backend.tests.test_sla_features.TestSLAFeatures" name="test_conversation_status_values" time="0.274" /><testcase classname="backend.tests.test_sla_features.TestSLAFeatures" name="test_escalations_endpoint" time="0.308" /><testcase classname="backend.tests.test_sla_features.TestConversationStatusBadges" name="test_active_status_badge" time="0.274" /><testcase classname="backend.tests.test_sla_features.TestConversationStatusBadges" name="test_waiting_status_badge" time="0.312" /><testcase classname="backend.tests.test_sla_features.TestConversationStatusBadges" name="test_overdue_detection" time="0.272" /><testcase classname="backend.tests.test_sla_features.TestAPIAuthentication" name="test_conversations_requires_auth" time="0.077" /><testcase classname="backend.tests.test_sla_features.TestAPIAuthentication" name="test_pending_sla_requires_auth" time="0.036" /><testcase classname="backend.tests.test_sla_features.TestAPIAuthentication" name="test_check_sla_requires_auth" time="0.038" /></testsuite></testsuites>