<?xml version="1.0" encoding="utf-8"?><testsuites name="pytest tests"><testsuite name="pytest" errors="0" failures="0" skipped="0" tests="21" time="6.339" timestamp="2026-02-02T10:50:13.258873+00:00" hostname="agent-env-6c86db88-da7a-4ffd-8f11-a475b4f0bce6"><testcase classname="backend.tests.test_ai_policy.TestAIPolicyAPI" name="test_get_ai_policy_returns_200" time="0.347" /><testcase classname="backend.tests.test_ai_policy.TestAIPolicyAPI" name="test_get_ai_policy_has_required_fields" time="0.282" /><testcase classname="backend.tests.test_ai_policy.TestAIPolicyAPI" name="test_get_ai_policy_global_rules_structure" time="0.269" /><testcase classname="backend.tests.test_ai_policy.TestAIPolicyAPI" name="test_get_ai_policy_states_has_all_five_states" time="0.278" /><testcase classname="backend.tests.test_ai_policy.TestAIPolicyAPI" name="test_get_ai_policy_response_rules_structure" time="0.276" /><testcase classname="backend.tests.test_ai_policy.TestAIPolicyAPI" name="test_get_ai_policy_fallback_structure" time="0.277" /><testcase classname="backend.tests.test_ai_policy.TestAIPolicyAPI" name="test_get_ai_policy_system_triggers_structure" time="0.269" /><testcase classname="backend.tests.test_ai_policy.TestAIPolicyAPI" name="test_get_ai_policy_requires_auth" time="0.308" /><testcase classname="backend.tests.test_ai_policy.TestAIPolicyAPI" name="test_put_ai_policy_saves_changes" time="0.338" /><testcase classname="backend.tests.test_ai_policy.TestAIPolicyAPI" name="test_put_ai_policy_updates_last_updated" time="0.295" /><testcase classname="backend.tests.test_ai_policy.TestAIPolicyAPI" name="test_put_ai_policy_updates_global_rules" time="0.351" /><testcase classname="backend.tests.test_ai_policy.TestAIPolicyAPI" name="test_put_ai_policy_updates_state_config" time="0.337" /><testcase classname="backend.tests.test_ai_policy.TestAIPolicyAPI" name="test_reset_ai_policy_returns_200" time="0.270" /><testcase classname="backend.tests.test_ai_policy.TestAIPolicyAPI" name="test_reset_ai_policy_restores_defaults" time="0.298" /><testcase classname="backend.tests.test_ai_policy.TestAIPolicyAPI" name="test_reset_ai_policy_sets_last_updated" time="0.276" /><testcase classname="backend.tests.test_ai_policy.TestAIPolicyAPI" name="test_reset_ai_policy_requires_auth" time="0.296" /><testcase classname="backend.tests.test_ai_policy.TestAIPolicyAPI" name="test_put_ai_policy_section_global_rules" time="0.296" /><testcase classname="backend.tests.test_ai_policy.TestAIPolicyAPI" name="test_put_ai_policy_section_invalid_section" time="0.283" /><testcase classname="backend.tests.test_ai_policy.TestAIPolicyAPI" name="test_put_ai_policy_state_greeting" time="0.325" /><testcase classname="backend.tests.test_ai_policy.TestAIPolicyAPI" name="test_put_ai_policy_state_invalid_state" time="0.307" /><testcase classname="backend.tests.test_ai_policy.TestAIPolicyAPI" name="test_put_ai_policy_state_case_insensitive" time="0.278" /></testsuite></testsuites>