<?xml version="1.0" encoding="utf-8"?><testsuites name="pytest tests"><testsuite name="pytest" errors="0" failures="0" skipped="0" tests="27" time="1.730" timestamp="2026-02-01T11:32:28.744447+00:00" hostname="agent-env-71e4a9c9-f399-4ce8-a87a-ec1a5686a3e0"><testcase classname="backend.tests.test_api.TestHealthCheck" name="test_api_health" time="0.071" /><testcase classname="backend.tests.test_api.TestAuthentication" name="test_register_new_user" time="0.271" /><testcase classname="backend.tests.test_api.TestAuthentication" name="test_login_existing_user" time="0.262" /><testcase classname="backend.tests.test_api.TestAuthentication" name="test_login_invalid_credentials" time="0.039" /><testcase classname="backend.tests.test_api.TestAuthentication" name="test_get_current_user" time="0.042" /><testcase classname="backend.tests.test_api.TestCustomers" name="test_create_customer" time="0.042" /><testcase classname="backend.tests.test_api.TestCustomers" name="test_get_customers_list" time="0.036" /><testcase classname="backend.tests.test_api.TestCustomers" name="test_get_customer_by_id" time="0.075" /><testcase classname="backend.tests.test_api.TestCustomers" name="test_update_customer" time="0.077" /><testcase classname="backend.tests.test_api.TestCustomers" name="test_search_customers" time="0.033" /><testcase classname="backend.tests.test_api.TestProducts" name="test_create_product" time="0.041" /><testcase classname="backend.tests.test_api.TestProducts" name="test_get_products_list" time="0.040" /><testcase classname="backend.tests.test_api.TestProducts" name="test_get_product_by_id" time="0.079" /><testcase classname="backend.tests.test_api.TestProducts" name="test_update_product" time="0.039" /><testcase classname="backend.tests.test_api.TestConversations" name="test_get_conversations" time="0.039" /><testcase classname="backend.tests.test_api.TestConversations" name="test_get_conversation_messages" time="0.041" /><testcase classname="backend.tests.test_api.TestOrders" name="test_get_orders" time="0.039" /><testcase classname="backend.tests.test_api.TestOrders" name="test_get_tickets" time="0.038" /><testcase classname="backend.tests.test_api.TestWhatsApp" name="test_whatsapp_status" time="0.039" /><testcase classname="backend.tests.test_api.TestWhatsApp" name="test_simulate_whatsapp_message" time="0.040" /><testcase classname="backend.tests.test_api.TestDashboard" name="test_dashboard_stats" time="0.045" /><testcase classname="backend.tests.test_api.TestSettings" name="test_get_settings" time="0.039" /><testcase classname="backend.tests.test_api.TestSettings" name="test_update_settings" time="0.039" /><testcase classname="backend.tests.test_api.TestKnowledgeBase" name="test_get_kb_articles" time="0.034" /><testcase classname="backend.tests.test_api.TestEscalations" name="test_get_escalations" time="0.034" /><testcase classname="backend.tests.test_api.TestCleanup" name="test_delete_test_product" time="0.036" /><testcase classname="backend.tests.test_api.TestCleanup" name="test_delete_test_customer" time="0.041" /></testsuite></testsuites>