<?xml version="1.0" encoding="utf-8"?><testsuites name="pytest tests"><testsuite name="pytest" errors="0" failures="0" skipped="0" tests="19" time="5.865" timestamp="2026-02-02T05:09:09.511203+00:00" hostname="agent-env-740f6a00-8ec0-4ad7-9f27-567f3157a494"><testcase classname="tests.test_unanswered_questions.TestAuthentication" name="test_login_success" time="0.334" /><testcase classname="tests.test_unanswered_questions.TestAuthentication" name="test_login_invalid_credentials" time="0.043" /><testcase classname="tests.test_unanswered_questions.TestUnansweredQuestionsAPI" name="test_get_unanswered_questions_returns_list" time="0.311" /><testcase classname="tests.test_unanswered_questions.TestUnansweredQuestionsAPI" name="test_unanswered_questions_have_escalation_code_field" time="0.303" /><testcase classname="tests.test_unanswered_questions.TestUnansweredQuestionsAPI" name="test_unanswered_questions_filter_by_status" time="0.308" /><testcase classname="tests.test_unanswered_questions.TestUnansweredQuestionsAPI" name="test_unanswered_questions_filter_by_relevance" time="0.303" /><testcase classname="tests.test_unanswered_questions.TestUnansweredQuestionsAPI" name="test_unanswered_questions_requires_auth" time="0.300" /><testcase classname="tests.test_unanswered_questions.TestRelevanceAPI" name="test_mark_relevance_invalid_value" time="0.336" /><testcase classname="tests.test_unanswered_questions.TestRelevanceAPI" name="test_mark_relevance_not_found" time="0.307" /><testcase classname="tests.test_unanswered_questions.TestKBArticleAPI" name="test_add_kb_article_not_found" time="0.303" /><testcase classname="tests.test_unanswered_questions.TestKBArticleAPI" name="test_link_kb_article_question_not_found" time="0.336" /><testcase classname="tests.test_unanswered_questions.TestKBArticleAPI" name="test_get_kb_articles" time="0.304" /><testcase classname="tests.test_unanswered_questions.TestEscalationCodeParsing" name="test_parse_escalation_code_with_colon" time="1.672" /><testcase classname="tests.test_unanswered_questions.TestEscalationCodeParsing" name="test_parse_escalation_code_with_space" time="0.000" /><testcase classname="tests.test_unanswered_questions.TestEscalationCodeParsing" name="test_parse_escalation_code_lowercase" time="0.000" /><testcase classname="tests.test_unanswered_questions.TestEscalationCodeParsing" name="test_parse_no_escalation_code" time="0.000" /><testcase classname="tests.test_unanswered_questions.TestEscalationCodeParsing" name="test_parse_escalation_code_double_digit" time="0.000" /><testcase classname="tests.test_unanswered_questions.TestEscalationsAPI" name="test_get_escalations" time="0.331" /><testcase classname="tests.test_unanswered_questions.TestEscalationsAPI" name="test_get_pending_sla_escalations" time="0.297" /></testsuite></testsuites>