<?xml version="1.0" encoding="utf-8"?><testsuites name="pytest tests"><testsuite name="pytest" errors="0" failures="0" skipped="0" tests="9" time="3.297" timestamp="2026-02-01T13:30:12.367464+00:00" hostname="agent-env-e9b8ad6c-55c9-4424-bfa9-3171429f8539"><testcase classname="backend.tests.test_customer_360.TestCustomer360" name="test_get_customer_360_success" time="0.405" /><testcase classname="backend.tests.test_customer_360.TestCustomer360" name="test_get_customer_360_not_found" time="0.351" /><testcase classname="backend.tests.test_customer_360.TestCustomer360" name="test_update_customer_notes" time="0.347" /><testcase classname="backend.tests.test_customer_360.TestCustomer360" name="test_update_customer_tags" time="0.394" /><testcase classname="backend.tests.test_customer_360.TestCustomer360" name="test_add_customer_device" time="0.432" /><testcase classname="backend.tests.test_customer_360.TestCustomer360" name="test_remove_customer_device" time="0.340" /><testcase classname="backend.tests.test_customer_360.TestCustomer360" name="test_remove_device_invalid_index" time="0.354" /><testcase classname="backend.tests.test_customer_360.TestCustomer360" name="test_customer_360_statistics_accuracy" time="0.303" /><testcase classname="backend.tests.test_customer_360.TestCustomer360" name="test_customer_360_unauthorized" time="0.320" /></testsuite></testsuites>